[debug] [2026-03-05T12:04:40.601Z] ----------------------------------------------------------------------
[debug] [2026-03-05T12:04:40.604Z] Command:       C:\Program Files\nodejs\node.exe C:\Users\indianic\AppData\Roaming\npm\node_modules\firebase-tools\lib\bin\firebase.js init hosting
[debug] [2026-03-05T12:04:40.605Z] CLI Version:   15.8.0
[debug] [2026-03-05T12:04:40.605Z] Platform:      win32
[debug] [2026-03-05T12:04:40.605Z] Node Version:  v20.19.4
[debug] [2026-03-05T12:04:40.605Z] Time:          Thu Mar 05 2026 17:34:40 GMT+0530 (India Standard Time)
[debug] [2026-03-05T12:04:40.606Z] ----------------------------------------------------------------------
[debug] 
[info] 
     ######## #### ########  ######## ########     ###     ######  ########
     ##        ##  ##     ## ##       ##     ##  ##   ##  ##       ##
     ######    ##  ########  ######   ########  #########  ######  ######
     ##        ##  ##    ##  ##       ##     ## ##     ##       ## ##
     ##       #### ##     ## ######## ########  ##     ##  ######  ########

You're about to initialize a Firebase project in this directory:

  C:\PM Docs\Antigravity MVP Project

Before we get started, keep in mind:

  * You are currently outside your home directory

[info] 
=== Project Setup
[info] 
[info] First, let's associate this project directory with a Firebase project.
[info] You can create multiple project aliases by running firebase use --add, 
[info] 
[debug] [2026-03-05T12:09:32.921Z] ----------------------------------------------------------------------
[debug] [2026-03-05T12:09:32.927Z] Command:       C:\Program Files\nodejs\node.exe C:\Users\indianic\AppData\Roaming\npm\node_modules\firebase-tools\lib\bin\firebase.js init hosting
[debug] [2026-03-05T12:09:32.928Z] CLI Version:   15.8.0
[debug] [2026-03-05T12:09:32.928Z] Platform:      win32
[debug] [2026-03-05T12:09:32.928Z] Node Version:  v20.19.4
[debug] [2026-03-05T12:09:32.928Z] Time:          Thu Mar 05 2026 17:39:32 GMT+0530 (India Standard Time)
[debug] [2026-03-05T12:09:32.928Z] ----------------------------------------------------------------------
[debug] 
[info] 
     ######## #### ########  ######## ########     ###     ######  ########
     ##        ##  ##     ## ##       ##     ##  ##   ##  ##       ##
     ######    ##  ########  ######   ########  #########  ######  ######
     ##        ##  ##    ##  ##       ##     ## ##     ##       ## ##
     ##       #### ##     ## ######## ########  ##     ##  ######  ########

You're about to initialize a Firebase project in this directory:

  C:\PM Docs\Antigravity MVP Project

Before we get started, keep in mind:

  * You are currently outside your home directory

[info] 
=== Project Setup
[info] 
[info] First, let's associate this project directory with a Firebase project.
[info] You can create multiple project aliases by running firebase use --add, 
[info] 
[debug] [2026-03-05T12:10:08.184Z] > command requires scopes: ["email","openid","https://www.googleapis.com/auth/cloudplatformprojects.readonly","https://www.googleapis.com/auth/firebase","https://www.googleapis.com/auth/cloud-platform"]
[debug] [2026-03-05T12:10:08.184Z] > authorizing via signed-in user (sneha4learning@gmail.com)
[debug] [2026-03-05T12:10:08.186Z] Checked if tokens are valid: true, expires at: 1772715800312
[debug] [2026-03-05T12:10:08.187Z] Checked if tokens are valid: true, expires at: 1772715800312
[debug] [2026-03-05T12:10:08.189Z] >>> [apiv2][query] GET https://firebase.googleapis.com/v1beta1/projects pageSize=100
[debug] [2026-03-05T12:10:08.986Z] <<< [apiv2][status] GET https://firebase.googleapis.com/v1beta1/projects 200
[debug] [2026-03-05T12:10:08.987Z] <<< [apiv2][body] GET https://firebase.googleapis.com/v1beta1/projects [omitted]
[info] 
=== Hosting Setup
[debug] [2026-03-05T12:10:09.015Z] Checked if tokens are valid: true, expires at: 1772715800312
[debug] [2026-03-05T12:10:09.015Z] Checked if tokens are valid: true, expires at: 1772715800312
[debug] [2026-03-05T12:10:09.016Z] >>> [apiv2][query] GET https://firebase.googleapis.com/v1beta1/projects/primeseva-mvp [none]
[debug] [2026-03-05T12:10:09.511Z] <<< [apiv2][status] GET https://firebase.googleapis.com/v1beta1/projects/primeseva-mvp 200
[debug] [2026-03-05T12:10:09.511Z] <<< [apiv2][body] GET https://firebase.googleapis.com/v1beta1/projects/primeseva-mvp {"projectId":"primeseva-mvp","projectNumber":"363714609925","displayName":"Primeseva MVP","name":"projects/primeseva-mvp","resources":{"hostingSite":"primeseva-mvp"},"state":"ACTIVE","etag":"1_43c01db3-5a60-4d8f-a669-0e7892b14660"}
[info] 
[info] Your public directory is the folder (relative to your project directory) that
[info] will contain Hosting assets to be uploaded with firebase deploy. If you
[info] have a build process for your assets, use your build's output directory.
[info] 
